#
# There is insufficient memory for the Java Runtime Environment to continue.
# Native memory allocation (malloc) failed to allocate 421776 bytes for Chunk::new
# Possible reasons:
#   The system is out of physical RAM or swap space
#   In 32 bit mode, the process size limit was hit
# Possible solutions:
#   Reduce memory load on the system
#   Increase physical memory or swap space
#   Check if swap backing store is full
#   Use 64 bit Java on a 64 bit OS
#   Decrease Java heap size (-Xmx/-Xms)
#   Decrease number of Java threads
#   Decrease Java thread stack sizes (-Xss)
#   Set larger code cache with -XX:ReservedCodeCacheSize=
# This output file may be truncated or incomplete.
#
#  Out of Memory Error (allocation.cpp:390), pid=18848, tid=9528
#
# JRE version: Java(TM) SE Runtime Environment (8.0_20-b26) (build 1.8.0_20-b26)
# Java VM: Java HotSpot(TM) 64-Bit Server VM (25.20-b23 mixed mode windows-amd64 compressed oops)
# Failed to write core dump. Minidumps are not enabled by default on client versions of Windows
#

---------------  T H R E A D  ---------------

Current thread (0x000000001594f800):  JavaThread "C2 CompilerThread1" daemon [_thread_in_native, id=9528, stack(0x0000000017390000,0x0000000017490000)]

Stack: [0x0000000017390000,0x0000000017490000]
Native frames: (J=compiled Java code, j=interpreted, Vv=VM code, C=native code)
V  [jvm.dll+0x3152fa]
V  [jvm.dll+0x265d03]
V  [jvm.dll+0x266943]
V  [jvm.dll+0x25e265]
V  [jvm.dll+0xbe255]
V  [jvm.dll+0xbe6fc]
V  [jvm.dll+0x449d02]
V  [jvm.dll+0x4bf4f5]
V  [jvm.dll+0x4c012f]
V  [jvm.dll+0x44fef1]
V  [jvm.dll+0x4526c8]
V  [jvm.dll+0x435fc2]
V  [jvm.dll+0x97b62]
V  [jvm.dll+0x98353]
V  [jvm.dll+0x22aac4]
V  [jvm.dll+0x283f5a]
C  [msvcr100.dll+0x21d9f]
C  [msvcr100.dll+0x21e3b]
C  [KERNEL32.DLL+0x18102]
C  [ntdll.dll+0x5c5b4]


Current CompileTask:
C2:   3291  669       4       com.android.dx.ssa.NormalSsaInsn::accept (25 bytes)


---------------  P R O C E S S  ---------------

Java Threads: ( => current thread )
  0x0000000017227800 JavaThread "pool-2-thread-4" [_thread_blocked, id=18644, stack(0x0000000017b90000,0x0000000017c90000)]
  0x0000000017226800 JavaThread "pool-2-thread-3" [_thread_blocked, id=3708, stack(0x0000000017a90000,0x0000000017b90000)]
  0x00000000170f6800 JavaThread "pool-2-thread-2" [_thread_in_Java, id=13100, stack(0x0000000017990000,0x0000000017a90000)]
  0x00000000170ef800 JavaThread "pool-3-thread-1" [_thread_blocked, id=17664, stack(0x0000000017890000,0x0000000017990000)]
  0x00000000170ee800 JavaThread "pool-2-thread-1" [_thread_blocked, id=18888, stack(0x0000000017790000,0x0000000017890000)]
  0x0000000016fe9800 JavaThread "Service Thread" daemon [_thread_blocked, id=8792, stack(0x0000000017590000,0x0000000017690000)]
  0x0000000016fe1000 JavaThread "C1 CompilerThread2" daemon [_thread_blocked, id=9500, stack(0x0000000017490000,0x0000000017590000)]
=>0x000000001594f800 JavaThread "C2 CompilerThread1" daemon [_thread_in_native, id=9528, stack(0x0000000017390000,0x0000000017490000)]
  0x000000001594e000 JavaThread "C2 CompilerThread0" daemon [_thread_blocked, id=18352, stack(0x0000000016e90000,0x0000000016f90000)]
  0x000000001599d800 JavaThread "Attach Listener" daemon [_thread_blocked, id=16932, stack(0x0000000016d90000,0x0000000016e90000)]
  0x000000001599c800 JavaThread "Signal Dispatcher" daemon [_thread_blocked, id=18688, stack(0x0000000016c90000,0x0000000016d90000)]
  0x0000000003260800 JavaThread "Finalizer" daemon [_thread_blocked, id=18040, stack(0x0000000016b90000,0x0000000016c90000)]
  0x000000000325d000 JavaThread "Reference Handler" daemon [_thread_blocked, id=15312, stack(0x0000000016a90000,0x0000000016b90000)]
  0x0000000002f6e800 JavaThread "main" [_thread_blocked, id=6732, stack(0x0000000002f70000,0x0000000003070000)]

Other Threads:
  0x0000000015905000 VMThread [stack: 0x0000000016990000,0x0000000016a90000] [id=216]
  0x0000000016feb800 WatcherThread [stack: 0x0000000017690000,0x0000000017790000] [id=3884]

VM state:not at safepoint (normal execution)

VM Mutex/Monitor currently owned by a thread: None

Heap:
 PSYoungGen      total 28160K, used 12594K [0x00000000eab00000, 0x00000000eca00000, 0x0000000100000000)
  eden space 24576K, 51% used [0x00000000eab00000,0x00000000eb74ca58,0x00000000ec300000)
  from space 3584K, 0% used [0x00000000ec680000,0x00000000ec680000,0x00000000eca00000)
  to   space 3584K, 0% used [0x00000000ec300000,0x00000000ec300000,0x00000000ec680000)
 ParOldGen       total 64512K, used 0K [0x00000000c0000000, 0x00000000c3f00000, 0x00000000eab00000)
  object space 64512K, 0% used [0x00000000c0000000,0x00000000c0000000,0x00000000c3f00000)
 Metaspace       used 5526K, capacity 6576K, committed 6784K, reserved 1056768K
  class space    used 576K, capacity 616K, committed 640K, reserved 1048576K

Card table byte_map: [0x0000000012630000,0x0000000012840000] byte_map_base: 0x0000000012030000

Marking Bits: (ParMarkBitMap*) 0x0000000075e9b460
 Begin Bits: [0x0000000012da0000, 0x0000000013da0000)
 End Bits:   [0x0000000013da0000, 0x0000000014da0000)

Polling page: 0x00000000013b0000

CodeCache: size=245760Kb used=2722Kb max_used=2722Kb free=243037Kb
 bounds [0x0000000003270000, 0x0000000003520000, 0x0000000012270000]
 total_blobs=942 nmethods=679 adapters=177
 compilation: enabled

Compilation events (10 events):
Event: 3.252 Thread 0x0000000016fe1000  662       3       com.android.dx.rop.code.Rop::<init> (137 bytes)
Event: 3.253 Thread 0x0000000016fe1000 nmethod 662 0x00000000035165d0 code [0x00000000035167c0, 0x0000000003516f98]
Event: 3.253 Thread 0x0000000016fe1000  665       3       com.android.dx.cf.code.Merger::isPossiblyAssignableFrom (202 bytes)
Event: 3.255 Thread 0x0000000016fe1000 nmethod 665 0x0000000003517290 code [0x00000000035175e0, 0x0000000003519548]
Event: 3.255 Thread 0x0000000016fe1000  680       1       java.util.TreeMap::size (5 bytes)
Event: 3.255 Thread 0x0000000016fe1000 nmethod 680 0x0000000003502710 code [0x0000000003502860, 0x0000000003502970]
Event: 3.255 Thread 0x0000000016fe1000  664       3       com.android.dx.cf.code.BaseMachine::setResult (27 bytes)
Event: 3.255 Thread 0x0000000016fe1000 nmethod 664 0x000000000351a3d0 code [0x000000000351a540, 0x000000000351a8c8]
Event: 3.255 Thread 0x0000000016fe1000  668       1       com.android.dx.rop.type.Prototype::getReturnType (5 bytes)
Event: 3.255 Thread 0x0000000016fe1000 nmethod 668 0x0000000003502450 code [0x00000000035025a0, 0x00000000035026b0]

GC Heap History (0 events):
No events

Deoptimization events (0 events):
No events

Internal exceptions (10 events):
Event: 3.194 Thread 0x00000000170f6800 Exception <a 'java/security/PrivilegedActionException'> (0x00000000eb35ab88) thrown at [D:\re\workspace\8-2-build-windows-amd64-cygwin\jdk8u20\1074\hotspot\src\share\vm\prims\jvm.cpp, line 1275]
Event: 3.199 Thread 0x0000000017227800 Exception <a 'java/security/PrivilegedActionException'> (0x00000000eb4ce1d0) thrown at [D:\re\workspace\8-2-build-windows-amd64-cygwin\jdk8u20\1074\hotspot\src\share\vm\prims\jvm.cpp, line 1275]
Event: 3.200 Thread 0x0000000002f6e800 Exception <a 'java/security/PrivilegedActionException'> (0x00000000eb6147f8) thrown at [D:\re\workspace\8-2-build-windows-amd64-cygwin\jdk8u20\1074\hotspot\src\share\vm\prims\jvm.cpp, line 1275]
Event: 3.200 Thread 0x00000000170f6800 Exception <a 'java/security/PrivilegedActionException'> (0x00000000eb367d68) thrown at [D:\re\workspace\8-2-build-windows-amd64-cygwin\jdk8u20\1074\hotspot\src\share\vm\prims\jvm.cpp, line 1275]
Event: 3.201 Thread 0x00000000170f6800 Exception <a 'java/security/PrivilegedActionException'> (0x00000000eb36d5f0) thrown at [D:\re\workspace\8-2-build-windows-amd64-cygwin\jdk8u20\1074\hotspot\src\share\vm\prims\jvm.cpp, line 1275]
Event: 3.202 Thread 0x00000000170f6800 Exception <a 'java/security/PrivilegedActionException'> (0x00000000eb3760b8) thrown at [D:\re\workspace\8-2-build-windows-amd64-cygwin\jdk8u20\1074\hotspot\src\share\vm\prims\jvm.cpp, line 1275]
Event: 3.203 Thread 0x00000000170f6800 Exception <a 'java/security/PrivilegedActionException'> (0x00000000eb37b388) thrown at [D:\re\workspace\8-2-build-windows-amd64-cygwin\jdk8u20\1074\hotspot\src\share\vm\prims\jvm.cpp, line 1275]
Event: 3.204 Thread 0x00000000170f6800 Exception <a 'java/security/PrivilegedActionException'> (0x00000000eb37e1b8) thrown at [D:\re\workspace\8-2-build-windows-amd64-cygwin\jdk8u20\1074\hotspot\src\share\vm\prims\jvm.cpp, line 1275]
Event: 3.205 Thread 0x00000000170f6800 Exception <a 'java/security/PrivilegedActionException'> (0x00000000eb381690) thrown at [D:\re\workspace\8-2-build-windows-amd64-cygwin\jdk8u20\1074\hotspot\src\share\vm\prims\jvm.cpp, line 1275]
Event: 3.220 Thread 0x00000000170f6800 Exception <a 'java/security/PrivilegedActionException'> (0x00000000eb6db780) thrown at [D:\re\workspace\8-2-build-windows-amd64-cygwin\jdk8u20\1074\hotspot\src\share\vm\prims\jvm.cpp, line 1275]

Events (10 events):
Event: 3.203 loading class com/android/dx/rop/annotation/AnnotationsList
Event: 3.203 loading class com/android/dx/rop/annotation/AnnotationsList done
Event: 3.204 loading class com/android/dx/dex/file/MethodIdItem
Event: 3.204 loading class com/android/dx/dex/file/MethodIdItem done
Event: 3.205 loading class com/android/dx/cf/code/SwitchList
Event: 3.205 loading class com/android/dx/cf/code/SwitchList done
Event: 3.220 loading class com/android/dx/ssa/back/FirstFitLocalCombiningAllocator$Multiset
Event: 3.220 loading class com/android/dx/ssa/back/FirstFitLocalCombiningAllocator$Multiset done
Event: 3.223 loading class java/util/DualPivotQuicksort
Event: 3.223 loading class java/util/DualPivotQuicksort done


Dynamic libraries:
0x00007ff7b10c0000 - 0x00007ff7b10f4000 	D:\java\jdk1.8.0_20\bin\java.exe
0x00007ffa40780000 - 0x00007ffa40941000 	C:\WINDOWS\SYSTEM32\ntdll.dll
0x00007ffa3f5c0000 - 0x00007ffa3f66d000 	C:\WINDOWS\system32\KERNEL32.DLL
0x00007ffa3cec0000 - 0x00007ffa3d0a8000 	C:\WINDOWS\system32\KERNELBASE.dll
0x00007ffa40570000 - 0x00007ffa40617000 	C:\WINDOWS\system32\ADVAPI32.dll
0x00007ffa3f520000 - 0x00007ffa3f5bd000 	C:\WINDOWS\system32\msvcrt.dll
0x00007ffa3fd60000 - 0x00007ffa3fdbb000 	C:\WINDOWS\system32\sechost.dll
0x00007ffa3fc00000 - 0x00007ffa3fd1c000 	C:\WINDOWS\system32\RPCRT4.dll
0x00007ffa3f250000 - 0x00007ffa3f3a6000 	C:\WINDOWS\system32\USER32.dll
0x00007ffa3fe80000 - 0x00007ffa40006000 	C:\WINDOWS\system32\GDI32.dll
0x00007ffa37b60000 - 0x00007ffa37dd4000 	C:\WINDOWS\WinSxS\amd64_microsoft.windows.common-controls_6595b64144ccf1df_6.0.10586.839_none_a2ddba30a539a2ae\COMCTL32.dll
0x00007ffa40010000 - 0x00007ffa4028e000 	C:\WINDOWS\system32\combase.dll
0x00007ffa3d9b0000 - 0x00007ffa3da1a000 	C:\WINDOWS\system32\bcryptPrimitives.dll
0x00007ffa3fd20000 - 0x00007ffa3fd5b000 	C:\WINDOWS\system32\IMM32.DLL
0x00007ffa3cc70000 - 0x00007ffa3cca1000 	C:\Windows\system32\nvinitx.dll
0x00007ffa3cc60000 - 0x00007ffa3cc6a000 	C:\WINDOWS\SYSTEM32\VERSION.dll
0x00000000767f0000 - 0x00000000768c2000 	D:\java\jdk1.8.0_20\jre\bin\msvcr100.dll
0x00000000756c0000 - 0x0000000075f18000 	D:\java\jdk1.8.0_20\jre\bin\server\jvm.dll
0x00007ffa3fbf0000 - 0x00007ffa3fbf8000 	C:\WINDOWS\system32\PSAPI.DLL
0x00007ffa2e5a0000 - 0x00007ffa2e5a9000 	C:\WINDOWS\SYSTEM32\WSOCK32.dll
0x00007ffa40350000 - 0x00007ffa403bb000 	C:\WINDOWS\system32\WS2_32.dll
0x00007ffa3b470000 - 0x00007ffa3b493000 	C:\WINDOWS\SYSTEM32\WINMM.dll
0x00007ffa3b1f0000 - 0x00007ffa3b21c000 	C:\WINDOWS\SYSTEM32\WINMMBASE.dll
0x00007ffa3d0b0000 - 0x00007ffa3d0f3000 	C:\WINDOWS\system32\cfgmgr32.dll
0x00000000767e0000 - 0x00000000767ef000 	D:\java\jdk1.8.0_20\jre\bin\verify.dll
0x0000000075f50000 - 0x0000000075f78000 	D:\java\jdk1.8.0_20\jre\bin\java.dll
0x00000000767c0000 - 0x00000000767d6000 	D:\java\jdk1.8.0_20\jre\bin\zip.dll
0x00007ffa3dcf0000 - 0x00007ffa3f24c000 	C:\WINDOWS\system32\SHELL32.dll
0x00007ffa3d190000 - 0x00007ffa3d7d4000 	C:\WINDOWS\system32\windows.storage.dll
0x00007ffa40290000 - 0x00007ffa402e2000 	C:\WINDOWS\system32\shlwapi.dll
0x00007ffa3cda0000 - 0x00007ffa3cdaf000 	C:\WINDOWS\system32\kernel.appcore.dll
0x00007ffa3daa0000 - 0x00007ffa3db55000 	C:\WINDOWS\system32\shcore.dll
0x00007ffa3cdc0000 - 0x00007ffa3ce0b000 	C:\WINDOWS\system32\powrprof.dll
0x00007ffa3cd80000 - 0x00007ffa3cd94000 	C:\WINDOWS\system32\profapi.dll
0x00007ffa30650000 - 0x00007ffa307dc000 	C:\WINDOWS\SYSTEM32\dbghelp.dll

VM Arguments:
jvm_args: -Djava.awt.headless=true -Xmx1024M -Dfile.encoding=GBK -Duser.country=CN -Duser.language=zh -Duser.variant 
java_command: com.android.dx.command.Main --dex --force-jumbo --num-threads=4 --multi-dex --output E:\Android\Android\EHelp\app\build\intermediates\transforms\dex\debug\folders\1000\5\slice_2 E:\Android\Android\EHelp\app\build\intermediates\transforms\instantRunSlicer\debug\folders\1\5\slice_2
java_class_path (initial): D:\andriodStduio\sdk\build-tools\25.0.0\lib\dx.jar
Launcher Type: SUN_STANDARD

Environment Variables:
JAVA_HOME=D:\java\jdk1.8.0_20
CLASSPATH=.;D:\java\jdk1.8.0_20\lib\dt.jar;D:\java\jdk1.8.0_20\lib\tools.jar;D:\apache-tomcat-7.0.65-windows-x64\apache-tomcat-7.0.65\lib\servlet-api.jar;D:\apache-tomcat-7.0.65-windows-x64\apache-tomcat-7.0.65\lib\jsp-api.jar;D:\eclipse_javaEE\lib\Aspectj\install\lib\aspectjrt.jar
PATH=C:\ProgramData\Oracle\Java\javapath;D:\java\jdk1.8.0_20\bin;D:\java\jdk1.8.0_20\jre\binC:\WINDOWS\system32;C:\WINDOWS;C:\WINDOWS\System32\Wbem;C:\WINDOWS\System32\WindowsPowerShell\v1.0\;C:\Program Files\Microsoft SQL Server\110\Tools\Binn\;C:\Program Files (x86)\Microsoft SDKs\TypeScript\1.0\;D:\MATLAB\bin\win32;C:\Windows\System32;C:\Program Files\Intel\WiFi\bin\;C:\Program Files\Common Files\Intel\WirelessCommon\;D:\java\jdk1.8.0_20\bin;D:\;amp\wamp\bin\mysql\mysql5.5.20\bin;D:\python2.7.10\install;D:\wamp\wamp\bin\mysql\mysql5.5.20\bin;D:\python2.7.10\install\Scripts;C:\mongodb\bin;D:\nodejs\nvmw;D:\svn\bin;D:\scala\install\bin;D:\sbt\install\\bin;D:\sbt\install\bin;D:\git\Git\bin;D:\ant\apache-ant-1.9.6/bin;D:\curl;D:\wamp\wamp\bin\php\php5.3.10;D:\wamp\wamp\bin\php\php5.5.12;C:\ProgramData\ComposerSetup\bin;C:\Users\Administrator\AppData\Roaming\Composer\Vendor\bin;D:\OCR\install\Tesseract-OCR;C:\WINDOWS\system32;C:\Program Files (x86)\Windows Kits\10\Windows Performance Toolkit\;D:\makeForWin\GnuWin32\bin;D:\eclipse_javaEE\lib\Aspectj\install\bin;D:\maven\apache-maven-3.3.9\bin;D:\php\php-5.6.21-Win32-VC11-x64;D:\php\php-5.6.21-Win32-VC11-x64\ext;D:\mysql\mysql-5.6.24-winx64\bin;D:\andriodStduio\sdk\tools;D:\andriodStduio\sdk\platform-tools;D:\nmap\nmap-7.31;D:\nodejs\nvmw\v6.2.0\;D:\quicktime\QTSystem\;D:\yarn\bin;D:\cocos2d-x\templates;D:\cocos2d-x\tools\cocos2d-console\bin;C:\Program Files\Intel\WiFi\bin\;C:\Program Files\Common Files\Intel\WirelessCommon\;D:\vscode\install\Microsoft VS Code\bin;C:\Users\Administrator\AppData\Roaming\npm;C:\Users\Administrator\AppData\Local\Yarn\.bin
USERNAME=Administrator
OS=Windows_NT
PROCESSOR_IDENTIFIER=Intel64 Family 6 Model 58 Stepping 9, GenuineIntel



---------------  S Y S T E M  ---------------

OS: Windows 8.1 , 64 bit Build 9600 

CPU:total 4 (2 cores per cpu, 2 threads per core) family 6 model 58 stepping 9, cmov, cx8, fxsr, mmx, sse, sse2, sse3, ssse3, sse4.1, sse4.2, popcnt, avx, aes, clmul, erms, ht, tsc, tscinvbit, tscinv

Memory: 4k page, physical 6148232k(758008k free), swap 9335444k(2688k free)

vm_info: Java HotSpot(TM) 64-Bit Server VM (25.20-b23) for windows-amd64 JRE (1.8.0_20-b26), built on Jul 30 2014 13:51:23 by "java_re" with MS VC++ 10.0 (VS2010)

time: Wed May 17 02:55:40 2017
elapsed time: 3 seconds (0d 0h 0m 3s)

